/people/Lizfashiondiary
/people/xu-yicha-18
/people/thejennyyy
/people/shuishuijia
/people/du-du-du-95
/people/xxian-sheng-60-69
/people/ms-xs
/people/florian-li
/people/czhnm
/people/pkuxuelin
/people/yuanhao-99
/people/zhao-feng-nian-80
/people/yiyunliang
/people/jian-shen-wu-ming
/people/xiaochongyishi
/people/mao-fu-lin-45
/people/allen-xu-3
/people/southwarrior
/people/ao-te
/people/skiptomylou
/people/excited-vczh
/people/pi-pi-pi-pi-jun
/people/lu-wen-rong-47
/people/bo-yi-37
/people/cebulski
/people/lin-mu-mu-62-52
/people/mai-xiao-pao-97
/people/shui-gui-gui
/people/duanzhijun
/people/li-zi-zhu-98-31
/people/wen-wu-shuang-quan-78
/people/tian
/people/shiyongxingyi
/people/miranda-ling
/people/ibxb
/people/xuxiaoteng
/people/bian-xing-jing-gang-64
/people/xu-xiang-dong-17-39
/people/ling-long-72-52
/people/liu-hong-jia
/people/tikitoo
/people/guo-zi-501
/people/zhu-johnny-66
/people/li-hao-en-14
/people/yu-mei-jun-91
/people/pingcejun
/people/gong-hao-yu-24
/people/wang-xi-er-xing
/people/mileijun
/people/diet-lean
/people/li-ying-huan-22
/people/nusbrant
/people/forensic
/people/qian-qian-10-93
/people/rain-19-75
/people/albus-53
/people/magellan360
/people/yu-xiao-wei-71-85
/people/liu-ting-ting-64
/people/ai-chi-tang-de-xiao-pang
/people/andygu-25
/people/yangkele
/people/francoisz
/people/cloudyson
/people/li-rui-jun-71
/people/wang-luo-dan-7
/people/mao-xiao-mao-33-21
/people/li-cong-78-48
/people/fu-lin-63-20-3
/people/lu-xi-xi-55
/people/sun-bo-chuan
/people/mr-pontiff
/people/zhouyuan
/people/198Q
/people/liu-meng-xi-10
/people/zhao-wei-81-40
/people/cai-zhen-yuan-40
/people/gu-che-dan
/people/florian-li
/people/czhnm
/people/pkuxuelin
/people/yuanhao-99
/people/xiaochongyishi
/people/mao-fu-lin-45
/people/allen-xu-3
/people/ibxb
/people/xuxiaoteng
/people/lin-mu-mu-62-52
/people/mai-xiao-pao-97
/people/shui-gui-gui
/people/zhang-fang-3-23
/people/san-fa-yin-shang
/people/zhao-de-ming-49
/people/yin-tian-qi-66
/people/wei-yi-fan-91
/people/guo-mo-jun-76
/people/peterlai.tw
/people/albus-53
/people/magellan360
/people/mink2014
/people/LiuS-photo-wheel
/people/yadong_adam
/people/skiptomylou
/people/excited-vczh
/people/pi-pi-pi-pi-jun
/people/wu-jia-cheng-74-27
/people/yuan-lan-feng-8
/people/maigo
/people/fu-er
/people/enostyle
/people/zhihuadmin
/people/chun-ge-36-15
/people/Lizfashiondiary
/people/tian
/people/shiyongxingyi
/people/miranda-ling
/people/xia-yuan-ding
/people/yun-shi-55
/people/jmedia360
/people/johnny-wu-ji-wei
/people/e-miao-de-nai-ba
/people/gou-zi-56-47
/people/yu-qi-92
/people/gaoyongqiang
/people/xie-jing-43-23
/people/zi-mu-zi-er
/people/doctorwong
/people/zheng-xiao-yan-15-47
/people/cnwxt
/people/RuyuanZhang
/people/likexuan
/people/bai-qing-71-33
/people/wang-shu-pi-15
/people/mukadas-kadir
/people/xu-xiang-dong-17-39
/people/ling-long-72-52
/people/duanzhijun
/people/li-zi-zhu-98-31
/people/wen-wu-shuang-quan-78
/people/hydfox
/people/dan-shui-hu-67
/people/he-jing-92-23
/people/pang-ku-shuai
/people/zheng-ma-78-6
/people/gong-hao-yu-24
/people/hui-sheng-jian
/people/Ye-xiao-bai-40
/people/will-z-57
/people/lu-xi-xi-55
/people/sun-bo-chuan
/people/mr-pontiff
/people/yun-fei-68-87
/people/liang-zhi-8-14
/people/yang-he-5-59
/people/qi-yan-mei-lin
/people/wo-shi-hao-tong-zhi-97
/people/ziparti
/people/wa-ha-ha-6-97
/people/chen-xiao-wei-63-13
/people/xiaozhuangpetitfancy
/people/diao-lian-45
/people/mood-28
/people/shen-ye-li-ou-tu-de-yu-gong-zi
/people/alex-cui
/people/akawa
/people/kukmoon
/people/TailChen
/people/jie-zi-mao
/people/bu-ji-ge-cai-mao
/people/li-fei-36-39-44
/people/chenran
/people/tomhall
/people/xpt-cmu
/people/5qing6fenpi
/people/liuyang910712
/people/gui-mu-zhi
/people/yang-zi-chen-19-32
/people/ma-bo-yong
/people/wei-cc-99
/people/liu-wen-qian-55-87
/people/sui-yue-ru-feng-53
/people/wu-xie-24-13-5
/people/cao-mou-mou-25-90
/people/imike
/people/jixin
/people/shen
/people/BlackCloak
/people/zhang-hao-29
/people/liuliudong
/people/bi-xiao-xue
/people/nusbrant
/people/ying-shi-tong-xue
/people/liqingshui
/people/gupowang
/people/ha-ha-ha-42-56-78
/people/xu-xiang-dong-17-39
/people/zhang-ran-0524
/people/libertas.
/people/zhang-san-hui-79
/people/liuqucanhe
/people/lei-mi-50
/people/irfffaaa
/people/du-xi-wen-97
/people/he-ming-ke
/people/ce-wu-mi-kong-jiang
/people/mu-xi-alexandeng
/people/hesenbao
/people/gaoming623
/people/xiao-long-bao-mei-mei-50
/people/huan-si-xi
/people/li-ji-52
/people/song-dan-57
/people/duo-xiao-hou
/people/yu-xiao-wei-71-85
/people/liu-ting-ting-64
/people/ai-chi-tang-de-xiao-pang
/people/gu-du-de-fen-ni
/people/qin-lu-17
/people/meng-xiao-ni-84
/people/jiahuilichem
/people/cheng-yi-zhi-44
/people/spiritmax
/people/jin-mo-gu-94
/people/ffancage
/people/song-yang-82-98
/people/xu-hao-feng-77
/people/ke-ai-mou
/people/yunyingzhangheng
/people/gygigi-khgjkbj
/people/du-du-du-95
/people/sheng-fan-jin-yi
/people/chen-da-hua-666
/people/tang.hua
/people/hai-tang-75-63
/people/MartiniZhang
/people/jin-zhi-75-54
/people/ru-yan-zi-yi
/people/wei-jun-nian
/people/su-cheng-yu
/people/jcchrj
/people/gu-da-bai-hua-3
/people/xu-zhen-23-31
/people/yinjie1218
/people/momoxie
/people/fldlxdw
/people/li-bao-ru-21
/people/zhu-xuan-86
/people/laufei
/people/xiaomasong
/people/zhangleo
/people/sjsjyg
/people/zhao-guo-xing-68
/people/shan-yang-yue
/people/wang-hao-cheng
/people/hypnova
/people/annie-a-li
/people/lyodi
/people/gao-tian-50
/people/li-lei-up
/people/hyyy-91
/people/SakuraFuko
/people/chen-di-19-39
/people/wuhandi
/people/long-she-ya
/people/xin-fang-4
/people/zuoxiaozuzhou
/people/physixfan
/people/oma2022
/people/yanyang1025
/people/hun-dun-tian
/people/guangtouheshang
/people/xie-mao-lin-69
/people/ma-qian-zu
/people/gong-qing-tuan-zhong-yang-67
/people/li-zhi-wei-69
/people/ma-jing-jing-35-48
/people/wu-si-han-47
/people/gao-fei-long-50
/people/liu-yu-meng-9
/people/chen-ying-xuan-10-63
/people/xian-jing-88-73
/people/yi-jiu-51-37-19
/people/xuxiaofeng1993
/people/alison-cy
/people/nan-you-li-max-de-xyt
/people/cai-lan-80-17
/people/zhao-wei-81-40
/people/ying-lan-ban-zhuan-gong
/people/wang-peng-tao-77
/people/wu-hao-46-11
/people/li-jun-90-87
/people/shi-nu-bi-79
/people/daniel-4-67
/people/Madrabbit
/people/yaketisi
/people/like-33
/people/dongkeren
/people/nyrenxingjie
/people/cao-feng-ze-37
/people/excitedyagami
/people/duanxiao-yu
/people/da-tou-xiong-10-30
/people/emily-lv
/people/florian-li
/people/czhnm
/people/pkuxuelin
/people/yuanhao-99
/people/han-123-54
/people/lin-mu-mu-62-52
/people/mai-xiao-pao-97
/people/Lizfashiondiary
/people/florian-li
/people/czhnm
/people/xiaochongyishi
/people/mao-fu-lin-45
/people/allen-xu-3
/people/hydfox
/people/dan-shui-hu-67
/people/he-jing-92-23
/people/jiahuilichem
/people/kukmoon
/people/cheng-yi-zhi-44
/people/excited-vczh
/people/pi-pi-pi-pi-jun
/people/Allahuameow
/people/2-tong
/people/bu-ji-ge-cai-mao
/people/lin-rui-xi-28
/people/ru-yan-zi-yi
/people/wei-jun-nian
/people/duanzhijun
/people/li-zi-zhu-98-31
/people/wen-wu-shuang-quan-78
/people/ibxb
/people/xuxiaoteng
/people/richard-45-75
/people/gui-mu-zhi
/people/zhihuadmin
/people/chun-ge-36-15
/people/wu-si-han-47
/people/gao-fei-long-50
/people/cocokele
/people/meng-yi-fei-64
/people/zhou-zi-nan-23
/people/du-du-du-95
/people/sheng-fan-jin-yi
/people/zhang-fang-3-23
/people/san-fa-yin-shang
/people/zhao-de-ming-49
/people/jingyi-liu-11
/people/bigquant
/people/gong-hao-yu-24
/people/likexuan
/people/bai-qing-71-33
/people/wang-shu-pi-15
/people/wang-jia-xuan-22
/people/quartz
/people/xiaozhuangpetitfancy
/people/zhu-shu-shu-60
/people/li-chang-35
/people/mon1st
/people/wa-ha-ha-6-97
/people/neozhang
/people/dai-yu-quan
/people/huang-xiao-53-88
/people/stanleygao
/people/zisenSung
/people/bi-xiao-xue
/people/imike
/people/jixin
/people/shen
/people/alpha-61
/people/yi-bu-82-2
/people/xu-lei-20-52
/people/lan-yun-yi-8
/people/zhuang-ze-xi
/people/hua-sha-94
/people/zhao-nan-ding
/people/huang-xiao-chun-11
/people/neo-8-42
/people/yan-guan-lin-20
/people/zgqbambridge
/people/shen-peng-38
/people/gong-wan-ting-78
/people/jin-zhi-75-54
/people/xingqubaby
/people/daniel-4-67
/people/Madrabbit
/people/chen-wen-bin-97-62
/people/cindy-6-55
/people/m3xiao-mo-gu
/people/cherry_catfish
/people/yue-yangming
/people/chen-ayumi
/people/songweii
/people/heymom-ni-hao-ma
/people/alice-30-41
/people/weicong-liu-41
/people/tan-xiao-jun-49
/people/lyo-tu
/people/dhchen
/people/liu-de-hua-83-98
/people/jesor
/people/Nailon33
/people/sun-bo-chuan
/people/qiu-wang-58-48
/people/xie-zhen-80-67
/people/jin-feng-59-99
/people/Ye-xiao-bai-40
/people/will-z-57
/people/ling-hu-fu-gui
/people/pi-pi-hui-ke-ting
/people/zhangxuanyang
/people/li-shao-quan-18
/people/rucaz
/people/renkonsai
/people/chen-xiao-wei-63-13
/people/zhang-jian-jun-zhang-jian-jun
/people/yan-wu-83-30
/people/lang-lang-33-36-41
/people/luo-ying-84-13
/people/hu-yao-yu
/people/wang-yang-54-30
/people/lxghost
/people/xiao-wan-80-58
/people/lukelou
/people/yuzhousu
/people/ai-an-dong-ni-tu-zi-73
/people/hinspinky
/people/xi-ru-qian
