/people/Lizfashiondiary
/people/florian-li
/people/czhnm
/people/xu-yicha-18
/people/thejennyyy
/people/shuishuijia
/people/florian-li
/people/czhnm
/people/pkuxuelin
/people/yuanhao-99
/people/Lizfashiondiary
/people/florian-li
/people/czhnm
/people/xiaochongyishi
/people/mao-fu-lin-45
/people/allen-xu-3
/people/ibxb
/people/xuxiaoteng
/people/excited-vczh
/people/pi-pi-pi-pi-jun
/people/hydfox
/people/dan-shui-hu-67
/people/he-jing-92-23
/people/zhang-fang-3-23
/people/san-fa-yin-shang
/people/zhao-de-ming-49
/people/ai-an-dong-ni-tu-zi-73
/people/hinspinky
/people/xi-ru-qian
/people/pkuxuelin
/people/yuanhao-99
/people/jian-su-yan-54
/people/yiwen-sun-13
/people/han-123-54
/people/chen-mo-gui-61
/people/ji-xu-zhe-zhang
/people/hui-zi-51
/people/li-qi-shui-62
/people/han-qing
/people/minmin.gong
/people/xu-yicha-18
/people/thejennyyy
/people/shuishuijia
/people/yin-tian-qi-66
/people/wei-yi-fan-91
/people/guo-mo-jun-76
/people/yi-zhi-yu-de-chuan-shuo
/people/chen-di-19-39
/people/yang-yan-qi-98
/people/jiu-wen-zi-86
/people/shan-yang-yue
/people/chen-feng-bao-lie-jiu-30-67
/people/zhihuadmin
/people/chun-ge-36-15
/people/lhr-55
/people/jdong-7
/people/da-tou-xiong-10-30
/people/an-qi-you-e-le
/people/zingfood
/people/he-ming-ke
/people/aguaithefreak
/people/tan-zheng-ying
/people/su-rui-pi
/people/lawson-lawson
/people/lin-dian-yi-32
/people/maplestory-8
/people/zhui-ming-zhen-bai-42
/people/mei-yitian-32
/people/a-bai-bai-58
/people/zoechung917
/people/hipcup
/people/wa-ha-ha-6-97
/people/li-yi-rui-30
/people/xiao-mei-mei-mei-53
/people/kao-yu-mei-zhi
/people/duanzhijun
/people/lxghost
/people/hai-shui-you-dian-re
/people/liu-tian-tian-69
/people/shiningg129
/people/snowyheart2015
/people/zwwang
/people/mo-zhi-xian-sheng
/people/chibaole
/people/fu-yun-83-50
/people/zeng-yu-de
/people/sophiasophia
/people/you-xiao-xun
/people/huolaoye
/people/feifeimao
/people/dong-xiao-lei-97
/people/ye-ming-l7
/people/da-can-1994
/people/alex-cui
/people/xian-zha-mang-chang-zhi
/people/li-qi-cheng-60
/people/mu-dao-chou
/people/homeupgrade
/people/hong-jiu-xue-li-59
/people/wanya951028
/people/bi-xiao-xue
/people/cnwxt
/people/a-lang-88-77
/people/chenliangyan
/people/chen-da-hua-666
/people/chen-dan-qing-31-63
/people/yuan-jing-82-81
/people/edison-chen-8612
/people/keso
/people/ojufff
/people/zhao-feng-nian-80
/people/yiyunliang
/people/jian-shen-wu-ming
/people/jing-ying-ying-crystal-46
/people/wu-meng-ru-52
/people/likexuan
/people/gao-yan-58-86
/people/jing-jing-de-meng
/people/WxzxzW
/people/ying-da-li-67
/people/sui-cheng-tao
/people/jinzui
/people/olivia-60-10
/people/li-ruo-yu-40-95
/people/CookiesNee
/people/ling-long-xie-seng
/people/yusen
/people/li-xiao-niao-88
/people/tang-kai-62-64
/people/sharkui
/people/lianghuan
/people/lin-feng-99
/people/gu-che-dan
/people/dacongmovie
/people/lilith-2-64
/people/zhang-kang-kang-56
/people/mengwangdaren
http://images.zhcw.com/css/home/201209/global.css
http://www.zhcw.com/images/css/home/201301/index.css
http://www.zhcw.com/images/2016/home/tc2016.css
http://www.zhcw.com/images/css/home/201209/global.css
http://www.zhcw.com/sitemap/
http://m.zhcw.com/
http://sj.zhcw.com/
http://tzds.zhcw.com/home/do.php?ac=login
http://app.zhcw.com/wwwroot/zhcw/jsp/downloadShortcut.jsp
http://data.zhcw.com/
http://www.zhcw.com
http://www.zhcw.com/xinwen/
http://www.zhcw.com/xinwen/jigouyaowen/
http://www.zhcw.com/xinwen/zcwzt/
http://www.zhcw.com/zhengce/
http://www.zhcw.com/xinwen/hangyeshuju/
http://www.zhcw.com/video/
http://www.zhcw.com/video/kaijiangzhibo/
http://www.zhcw.com/video/kaijiangshipin/
http://www.zhcw.com/ssq/
http://www.zhcw.com/ssq/ssqleitaisai/
http://www.zhcw.com/3d/
http://www.zhcw.com/3d/3dsj/
http://www.zhcw.com/qlc/
http://www.zhcw.com/ssq/mnyjq/
http://www.zhcw.com/msj
http://www.zhcw.com/ggl/
http://www.zhcw.com/ggl/zaixianshigua/
http://www.zhcw.com/kj/
http://tb.zhcw.com/
http://sms.zhcw.com/
http://www.zhcw.com/czpd/
http://www.zhcw.com/czpd/kkcc/ssc/
http://www.zhcw.com/czpd/kkcc/k3/
http://www.zhcw.com/cmzj/
http://www.zhcw.com/xinwen/zhanzhuzhijia/
http://bbs.zhcw.com/
http://www.zhcw.com/gongyi/
http://www.zhcw.com/xinwen/zcwqk/
http://www.zhcw.com/caipiao315/
http://www.zhcw.com/ss/
http://www.zhcw.com/cs/cc/
http://www.zhcw.com/cs/shenzhen/index.shtml
http://www.zhcw.com/xinwen/zhuanti/qmfq/
http://tzds.zhcw.com/
http://tuan.zhcw.com/
http://www.go.cn/index.php?m=column&from=zhcw
http://game.zhcw.com/
http://www.zhcw.com/b2c/qp/
http://www.zhcw.com/xinwen/zhongyaogonggao/
/xinwen/zhongyaogonggao/11280655.shtml
/xinwen/zhongyaogonggao/11048238.shtml
http://www.zhcw.com/xinwen/hangyezixun/11007504.shtml
http://www.zhcw.com/xinwen/zhuanti/2017n/2017nzjssq/
http://www.zhcw.com/ggl/zhuanti/2017zjggl/
http://www.zhcw.com/xinwen/zhuanti/2016n/gdft/dsq54/
http://www.zhcw.com/xinwen/zhuanti/2017n/2017wmzjssq/4y11rwmzst/
/ggl/yingxiaodongtai/scdt/11742628.shtml
http://www.zhcw.com/xinwen/meitishengyin/11716932.shtml
http://www.zhcw.com/xinwen/jigouyaowen/11742541.shtml
http://www.zhcw.com/gongyi/zhuxue/11742547.shtml
http://www.zhcw.com/xinwen/hangyezixun/11719105.shtml
http://www.zhcw.com/3d/caiminzhijia/11719150.shtml
http://www.zhcw.com/ggl/yingxiaodongtai/ssyx/11719077.shtml
http://www.zhcw.com/xinwen/zhongyaogonggao/4447405.shtml
http://www.zhcw.com/ggl/zuixinyouxi/slxm/
http://www.zhcw.com/ggl/zuixinyouxi/bshlp/
http://www.zhcw.com/ggl/zuixinyouxi/dntg/
http://www.zhcw.com/ggl/zuixinyouxi/mtc/
http://www.zhcw.com/3d/caiminzhijia/8870228.shtml
http://www.zhcw.com/3d/caiminzhijia/8807043.shtml
http://www.cmzj.net/member/index.php?do=index&typeid=6&sid=166http://www.cmzj.net/member/index.php?do=search&keywords=专家组
http://www.cmzj.net/member/index.php?do=index&typeid=6&sid=167
#
http://www.zhcw.com/ssq
http://www.zhcw.com/ssq/kjgg/zuixinkaijiang/
http://tb.zhcw.com/ssq/
http://www.zhcw.com/ssq/kaijiangshuju/index.shtml
http://www.zhcw.com/video/kaijiangshipin-ssq/
http://www.zhcw.com/3d/kjgg/zxkj/
http://tb.zhcw.com/3d/
http://www.zhcw.com/3d/kaijiangshuju/?type=1/index.shtml?from=sykjgg&do=kaijiangshuju
http://www.zhcw.com/video/kaijiangshipin-3D/
http://tb.zhcw.com/qlc/556361.shtml
http://www.zhcw.com/qlc/kaijiangshuju/?type=2/index.shtml?from=sykjgg&do=kaijiangshuju
http://www.zhcw.com/kj/hbdg/nmg/k3/index.shtml
http://www.zhcw.com/kj/hddg/js/k3/index.shtml
http://www.zhcw.com/kj/dbdg/jl/k3/index.shtml
http://www.zhcw.com/kj/hbdg/hb/k3/index.shtml
http://www.zhcw.com/kj/hddg/jx/ssc/index.shtml
http://www.zhcw.com/kj/xndg/yn/ssc/index.shtml
http://www.zhcw.com/kj/xbdg/xj/ssc/index.shtml
http://www.zhcw.com/kj/hbdg/nmg/ssc/index.shtml
/xinwen/caizhongxinwen-ssq/11734422.shtml
/ssq/caiminzhijia/11739464.shtml
/3d/caiminzhijia/11739461.shtml
/home/toutiaoxinwen/toutiaoxinwen10/5745934.shtml
http://www.cmzj.net/cms/zx/zjsccj/5022836.shtml
/3d/caiminzhijia/11714843.shtml
/3d/caiminzhijia/11714842.shtml
http://www.zhcw.com/video/caiyouyicai/
http://www.zhcw.com/video/cpjt/
/video/kaijiangshipin-ssq/11732408.shtml
/video/kaijiangshipin-3D/11732409.shtml
/video/kaijiangshipin-qlc/11704799.shtml
/video/caiyouyicai/11693521.shtml
/video/caiyouyicai/11692519.shtml
/video/caiyouyicai/11618785.shtml
/video/caiyouyicai/11618784.shtml
/video/caiyouyicai/11569586.shtml
/video/cpjt/4364661.shtml
/video/cpjt/4357861.shtml
/video/cpjt/4339609.shtml
/video/cpjt/4315109.shtml
/video/cpjt/4315108.shtml
/video/dsjjt/11525488.shtml
/video/dsjjt/11525483.shtml
/video/dsjjt/11399103.shtml
http://tb.zhcw.com/tbfx/
http://www.zhcw.com/ssq/caiminzhijia/
http://www.zhcw.com/3d/caiminzhijia/
http://www.zhcw.com/qlc/caiminzhijia/
http://www.zhcw.com/ssq/szjq/
http://www.cmzj.net/cunzi/article/expert.php
http://www.cmzj.net/cunzi/article/expert.php?action=expert_info&expert_id=639918
http://www.cmzj.net/cunzi/article/index.php?action=lists&expert_id=639918&type=1,2
http://www.cmzj.net/member/index.php?do=detail&sid=101&expertid=639918
http://www.cmzj.net/cunzi/article/expert.php?action=expert_info&expert_id=1166410
http://www.cmzj.net/member/index.php?do=record&expertname=%E9%97%AA%E8%80%80%E6%BA%A2%E5%BD%A9&title=%E9%97%AA%E8%80%80%E6%BA%A2%E5%BD%A9
http://www.cmzj.net/cunzi/article/index.php?action=lists&expert_id=1166410&type=1,2
http://www.cmzj.net/cunzi/article/index.php?action=lists&order=&keyword=%E9%97%AA%E8%80%80%E6%BA%A2%E5%BD%A9
http://tb.zhcw.com/qlc/
http://tb.zhcw.com/ssq/556260.shtml
http://tb.zhcw.com/ssq/556259.shtml
http://tb.zhcw.com/ssq/745661.shtml
http://tb.zhcw.com/ssq/556268.shtml
http://tb.zhcw.com/ssq/556272.shtml
http://tb.zhcw.com/ssq/556255.shtml
http://tb.zhcw.com/3d/556318.shtml
http://tb.zhcw.com/3d/556317.shtml
http://tb.zhcw.com/3d/556334.shtml
http://tb.zhcw.com/3d/556332.shtml
http://tb.zhcw.com/3d/3953203.shtml
http://tb.zhcw.com/qlc/556367.shtml
http://tb.zhcw.com/qlc/556359.shtml
http://tb.zhcw.com/qlc/556360.shtml
http://tb.zhcw.com/qlc/556357.shtml
http://tb.zhcw.com/qlc/556365.shtml
http://www.cmzj.net/cunzi/article/index.php?action=lottery_article&lottery=2
/ssq/caiminzhijia/11742620.shtml
/ssq/caiminzhijia/11742606.shtml
/ssq/caiminzhijia/11742595.shtml
/ssq/caiminzhijia/11742583.shtml
/ssq/caiminzhijia/11742556.shtml
/ssq/caiminzhijia/11742545.shtml
/ssq/caiminzhijia/11742542.shtml
/ssq/caiminzhijia/11741505.shtml
/cmzj/ssqyc/11742605.shtml
/cmzj/ssqyc/11742592.shtml
/cmzj/ssqyc/11740494.shtml
/cmzj/ssqyc/11738458.shtml
/cmzj/ssqyc/11736447.shtml
/cmzj/ssqyc/11734425.shtml
/cmzj/ssqyc/11733421.shtml
/cmzj/ssqyc/11733420.shtml
/cmzj/ssqyc/11733418.shtml
http://data.zhcw.com/3d/?act=tbzs
http://data.zhcw.com/3d/?act=sjtj
http://data.zhcw.com/3d/?act=zbqs
http://data.zhcw.com/3d/?act=zhqs
http://data.zhcw.com/help/?act=syjc
http://www.zhcw.com/ssq/youxiguize/506500.shtml
http://www.zhcw.com/ssq/jisuanqi/
http://www.zhcw.com/ssq/kaijiangshuju/index.shtml?type=3
http://www.zhcw.com/ssq/kaijiangshuju/index.shtml?type=2
http://www.zhcw.com/ssq/kaijiangshuju/
http://www.zhcw.com/3d/youxiguize/506725.shtml
http://www.zhcw.com/3d/jisuanqi/
http://www.zhcw.com/3d/kaijiangshuju/?type=1
http://www.zhcw.com/3d/kaijiangshuju/index.shtml?type=0
http://www.zhcw.com/qlc/youxiguize/456813.shtml
http://www.zhcw.com/qlc/jisuanqi/
http://www.zhcw.com/qlc/kaijiangshuju/gqxlqwm/index.shtml
http://www.zhcw.com/qlc/kaijiangshuju/index.shtml?type=1
http://www.zhcw.com/qlc/kaijiangshuju/index.shtml?type=0
http://www.cmzj.net/cunzi/article/index.php?action=lottery_article&lottery=1
/3d/caiminzhijia/11742662.shtml
/3d/caiminzhijia/11742625.shtml
/3d/caiminzhijia/11742608.shtml
/3d/caiminzhijia/11740493.shtml
/3d/caiminzhijia/11740480.shtml
/3d/caiminzhijia/11740479.shtml
/3d/caiminzhijia/11740478.shtml
/3d/caiminzhijia/11740477.shtml
/3d/caiminzhijia/11740476.shtml
/cmzj/3dyc/11743713.shtml
/cmzj/3dyc/11742611.shtml
/cmzj/3dyc/11736446.shtml
/cmzj/3dyc/11733419.shtml
/cmzj/3dyc/11733416.shtml
/cmzj/3dyc/11733415.shtml
/cmzj/3dyc/11730396.shtml
/cmzj/3dyc/11729395.shtml
/cmzj/3dyc/11729393.shtml
http://www.zhcw.com/xinwen/dishifengcai/
http://www.zhcw.com/xinwen/caizhongxinwen/
http://www.zhcw.com/xinwen/caimingushi/
http://www.zhcw.com/shoucang/
http://www.zhcw.com/xinwen/quanqiucaifeng/
http://www.zhcw.com/xinwen/zhuanti/2016n/ssqyypj/
http://www.zhcw.com/xinwen/caimingushi/ssq/index.shtml
/xinwen/caimingushi/ssq/11742544.shtml
/video/cpwht/11728358.shtml
/ggl/yingxiaodongtai/ssyx/11719077.shtml
/caipiao315/dajiaxingdong/11601345.shtml
http://www.zhcw.com/xinwen/caimingushi/qitacaizhong/index.shtml
/xinwen/caimingushi/qitacaizhong/11567345.shtml
/xinwen/zhanzhuzhijia/11719081.shtml
/xinwen/zhanzhuzhijia/11692496.shtml
/xinwen/quanqiucaifeng/11716962.shtml
/video/cpwht/11715874.shtml
/xinwen/caizhongxinwen-ssq/11742616.shtml
/xinwen/caizhongxinwen-ssq/11732406.shtml
/xinwen/caizhongxinwen-ssq/11728330.shtml
/xinwen/caimingushi/ssq/11721184.shtml
/xinwen/caizhongxinwen-qt/11719151.shtml
/xinwen/caimingushi/ssq/11719135.shtml
/xinwen/caizhongxinwen-ssq/11719073.shtml
/xinwen/caizhongxinwen-qt/11718025.shtml
http://www.zhcw.com/ss/index.shtml
http://www.zhcw.com/home/chengshizhichuang/
javascript:changeCode('1','山东')
http://www.zhcw.com/gongyi/gongyihuodong/11742570.shtml
javascript:changeCode('1','山西')
javascript:changeCode('1','湖南')
http://www.zhcw.com/xinwen/jigouyaowen/11719108.shtml
javascript:changeCode('1','上海')
http://www.zhcw.com/xinwen/caizhongxinwen-ssq/11719073.shtml
http://www.zhcw.com/xinwen/caimingushi/ssq/11715891.shtml
javascript:changeCode('1','湖北')
http://www.zhcw.com/xinwen/dishifengcai/11692442.shtml
javascript:changeCode('1','重庆')
http://www.zhcw.com/xinwen/jigouyaowen/11692415.shtml
http://www.zhcw.com/ggl/zhongjiangsudi/11690303.shtml
javascript:changeCode('1','佛山')
http://www.zhcw.com/xinwen/jigouyaowen/11742557.shtml
javascript:changeCode('1','常州')
http://www.zhcw.com/xinwen/dishifengcai/11719054.shtml
javascript:changeCode('1','葫芦岛')
http://www.zhcw.com/xinwen/caimingushi/ssq/11719135.shtml
javascript:changeCode('1','保定')
http://www.zhcw.com/xinwen/dishifengcai/11719140.shtml
javascript:changeCode('1','深圳')
http://www.zhcw.com/xinwen/caizhongxinwen-ssq/11718015.shtml
javascript:changeCode('1','连云港')
http://www.zhcw.com/gongyi/jikun/11718041.shtml
javascript:changeCode('1','贵阳')
http://www.zhcw.com/gongyi/gongyihuodong/11716942.shtml
http://www.zhcw.com/ggl/yingxiaodongtai/ssyx/11690306.shtml
http://www.zhcw.com/ss/bj1/
http://www.zhcw.com/ss/tianjin/
http://www.zhcw.com/ss/shanghai/
http://www.zhcw.com/ss/shanxi1/
http://www.zhcw.com/ss/henan/
http://www.zhcw.com/ss/hlj/
http://www.zhcw.com/ss/nmg1/
http://www.zhcw.com/ss/shanxi/
http://www.zhcw.com/ss/guangdong/
http://www.zhcw.com/ss/hebei/
http://www.zhcw.com/ss/ningxia/
http://www.zhcw.com/gongyi/fulao/
http://www.zhcw.com/gongyi/zhucan/
http://www.zhcw.com/gongyi/jiugu/
http://www.zhcw.com/gongyi/jikun/
http://www.zhcw.com/gongyi/zhuxue/
http://www.zhcw.com/gongyi/gongyihuodong/
http://www.zhcw.com/gongyi/gyjgq/
http://www.zhcw.com/gongyi/gyjxm/
http://www.zhcw.com/gongyi/gongyirenwu/
http://www.zhcw.com/gongyi/gongyizhuanti/
http://www.zhcw.com/xinwen/zhuanti/2016n/jgzt/
/gongyi/zhucan/8073266.shtml
http://www.zhcw.com/gongyi/gyjgq/index.shtml
/gongyi/gyjgq/11593017.shtml
/zhengce/zhengcefagui/minzhengbuwenjian/11580966.shtml
/gongyi/gongyihuodong/11742570.shtml
/gongyi/zhuxue/11742547.shtml
/gongyi/jikun/11718041.shtml
/gongyi/gongyihuodong/11716942.shtml
/gongyi/gongyihuodong/11692482.shtml
/gongyi/jikun/11691369.shtml
/gongyi/fulao/11630433.shtml
/gongyi/gongyihuodong/11630389.shtml
/gongyi/fulao/11619872.shtml
http://sms.zhcw.com/sms/ssq/index.shtml
http://www.zhcw.com/xinwen/hangyezixun/
http://www.zhcw.com/xinwen/caishiguancha/
http://www.zhcw.com/xinwen/zhuanjiazhuanlan/
http://www.zhcw.com/xinwen/gdft/
http://www.zhcw.com/xinwen/meitishengyin/
http://www.zhcw.com/xinwen/dishifengcai/index.shtml
/xinwen/dishifengcai/11719140.shtml
http://www.zhcw.com/xinwen/jigouyaowen/index.shtml
/xinwen/jigouyaowen/11742557.shtml
http://www.zhcw.com/zhengce/zhengcefagui/
/xinwen/hangyeshuju/10951834.shtml
/xinwen/hangyezixun/11728321.shtml
/xinwen/hangyezixun/11719105.shtml
/xinwen/meitishengyin/11716932.shtml
/xinwen/hangyezixun/11691373.shtml
/xinwen/hangyezixun/11690328.shtml
/xinwen/hangyezixun/11690326.shtml
/xinwen/hangyezixun/11690282.shtml
/xinwen/hangyezixun/11688140.shtml
/xinwen/hangyezixun/11623134.shtml
http://www.zhcw.com/3d/mnyjq/
http://www.zhcw.com/qlc/mnyjq/
http://www.zhcw.com/ggl/zuixinyouxi/zjzr/
/ssq/caiminzhijia/11603481.shtml
/ssq/caiminzhijia/11545982.shtml
http://bbs.zhcw.com
http://www.cmzj.net/member/index.php
http://sms.zhcw.com/sms/3d/index.shtml
http://bbs.zhcw.com/thread-5069984-1-1.html
http://bbs.zhcw.com/thread-5481765-1-1.html
http://bbs.zhcw.com/thread-5497266-1-1.html
http://bbs.zhcw.com/forum-25-1.html
http://bbs.zhcw.com/thread-5497697-1-1.html
http://bbs.zhcw.com/thread-5497278-1-1.html
http://bbs.zhcw.com/thread-5497279-1-1.html
http://bbs.zhcw.com/thread-5497530-1-1.html
http://bbs.zhcw.com/thread-5497529-1-1.html
http://bbs.zhcw.com/thread-5497889-1-1.html
http://bbs.zhcw.com/thread-5497890-1-1.html
http://www.zhcw.com/service/question/web/588264.shtml
http://images.zhcw.com/special/315/index.htm
http://sighttp.qq.com/cgi-bin/check?sigkey=ed453e0a5a9eb9dc51479689e371c57963efb1c8de2345e4b6c33b15e8e616d7
http://fczx.mca.gov.cn/
http://www.mca.gov.cn/
http://www.mof.gov.cn/
http://www.lottost.cn/
http://www.nmlottery.com.cn/
http://www.sxfc.gov.cn/
http://www.hzfucai.net
http://www.tjflcpw.com/main.action
http://www.bwlc.net/
http://www.yzfcw.com/
http://www.sjfc.org.cn/main.action
http://www.lnlotto.com/View/Index.aspx
http://www.jlfc.com.cn
http://www.swlc.gov.cn/
http://www.jslottery.com/
http://fc.zjol.com.cn/
http://www.ahfc.gov.cn/
http://www.fjcp.cn/
http://www.jxfczx.cn/
http://www.sdcp.cn/publicfiles/business/htmlfiles/qlfc/default.htm
http://www.henanfucai.com/
http://www.szlottery.org/
http://www.gdfc.org.cn/
http://www.gxcaipiao.com.cn
http://www.hainancp.com
http://www.cqcp.net/
http://www.scflcp.com/
http://www.ynflcp.cn/
http://www.gsflcp.com/
http://www.qhfc.gov.cn/
http://www.nxflcp.com/main.action
http://www.hbfcw.gov.cn/
http://www.hnflcp.com/
http://www.xjflcp.com/
http://www.gzfucai.cn/
http://www.zhcw.com/fucaiwangmeng/
http://www.zhcw.com/cs/shenzhen/
http://www.zhcw.com/cs/xian/
http://www.gzflcp.org.cn
http://www.njflcp.com/old/
http://www.csfczx.com/
http://www.lzflcp.com/
http://www.jnscp.cn/
http://www.qdcp.cn/
http://www.dllotto.com/
http://www.jsszfc.com/
http://www.czflcp.com/index.html
http://www.ntfcw.org/article/index.html
http://www.jshafc.cn/
http://www.yclottery.com/
http://www.jsyzfc.com/
http://218.3.114.8/jszjfc/
http://www.tzlottery.com/
http://www.jssqfc.com/
http://www.qlfc.com.cn/index.jsp
http://www.fucai.cn/
http://www.wfflcp.com/
http://www.dycp.com.cn/
http://www.bzflcp.com/
http://www.hzflcp.com/
http://www.jlfczx.com/
http://fc.zjol.com.cn/05fc/wzfc/index.shtml
http://zs.luaninfo.com/Default.aspx?ID=49
http://www.masyi.com/fucai
http://yc.hlj.net/sygg/ShowClass.asp?ClassID=27
http://www.gzflcpw.cn/
http://www.jxycfc.com/
http://www.jxfzfc.cn/
http://mzj.shantou.gov.cn/fc/index.asp
http://www.dgflcp.com/
http://www.zqflcp.com/
http://www.gdsdfc.org.cn/
http://www.nmlottery.com.cn/dfzc/cff/index.shtml
http://www.nmlottery.com.cn/dfzc/wlcbf/index.shtml
http://xiangxifc.mca.gov.cn/
http://cangzhoufucai.com/
http://www.wafcw.net/
http://www.hhflcp.com/
http://www.jswxfc.com/main/index.aspx
http://www.gyfucai.cn/
http://www.zhcw.com/
http://www.zhcw.com/cmzj/zm/3d/
http://www.defali.com.cn
http://www.cmzj.net/
http://www.hljold.org.cn/
http://sports.qq.com/lottery/
http://www.iresearch.cn/
http://www.loonging.cn/
http://www.hao123.com
http://lottery.sina.com.cn/
http://www.baidu.com
http://house.focus.cn
http://www.kuwo.cn/
http://www.hljold.cn/teyylmpt/index.shtml
http://www.jyall.com
http://www.zhcw.com/youqinglianjie/
#top
http://www.zhcw.com/aboutus/
http://www.zhcw.com/aboutus/contact/574334.shtml
http://www.zhcw.com/about/adser/
http://www.zhcw.com/aboutus/mianze/574328.shtml
http://www.zhcw.com/kfzx/
http://www.zhcw.com/aboutus/czgj/4092710.shtml
http://www.315online.com.cn/member/315160004.html
http://net.china.cn/chinese/index.htm
http://www.bj.cyberpolice.cn/index.htm
http://www.isc.org.cn/
http://www.itrust.org.cn/yz/pjwx.asp?wm=2771561295
http://union.rising.com.cn/InfoManage/attestation.aspx?p0=n2NcF96gOLCK1NVG3mZ4y0U6z1SVWWuE
http://www.zhcw.com/home/gbdsxkz.html
http://www.zhcw.com/aboutus/honor/592100.shtml
http://www.beian.gov.cn/portal/registerSystemInfo?recordcode=11010802022992
http://www.miibeian.gov.cn
http://data.zhcw.com
http://images.zhcw.com/css/home/201209/global.css
http://www.zhcw.com/images/css/home/201301/index.css
http://www.zhcw.com/images/2016/home/tc2016.css
http://www.zhcw.com/images/css/home/201209/global.css
http://www.zhcw.com/sitemap/
http://m.zhcw.com/
http://sj.zhcw.com/
http://tzds.zhcw.com/home/do.php?ac=login
http://app.zhcw.com/wwwroot/zhcw/jsp/downloadShortcut.jsp
http://data.zhcw.com/
http://www.zhcw.com
http://www.zhcw.com/xinwen/
http://www.zhcw.com/xinwen/jigouyaowen/
http://www.zhcw.com/xinwen/zcwzt/
http://www.zhcw.com/zhengce/
http://www.zhcw.com/xinwen/hangyeshuju/
http://www.zhcw.com/video/
http://www.zhcw.com/video/kaijiangzhibo/
http://www.zhcw.com/video/kaijiangshipin/
http://www.zhcw.com/ssq/
http://www.zhcw.com/ssq/ssqleitaisai/
http://www.zhcw.com/3d/
http://www.zhcw.com/3d/3dsj/
http://www.zhcw.com/qlc/
http://www.zhcw.com/ssq/mnyjq/
http://www.zhcw.com/msj
http://www.zhcw.com/ggl/
http://www.zhcw.com/ggl/zaixianshigua/
http://www.zhcw.com/kj/
http://tb.zhcw.com/
http://sms.zhcw.com/
http://www.zhcw.com/czpd/
http://www.zhcw.com/czpd/kkcc/ssc/
http://www.zhcw.com/czpd/kkcc/k3/
http://www.zhcw.com/cmzj/
http://www.zhcw.com/xinwen/zhanzhuzhijia/
http://bbs.zhcw.com/
http://www.zhcw.com/gongyi/
http://www.zhcw.com/xinwen/zcwqk/
http://www.zhcw.com/caipiao315/
http://www.zhcw.com/ss/
http://www.zhcw.com/cs/cc/
http://www.zhcw.com/cs/shenzhen/index.shtml
http://www.zhcw.com/xinwen/zhuanti/qmfq/
http://tzds.zhcw.com/
http://tuan.zhcw.com/
http://www.go.cn/index.php?m=column&from=zhcw
http://game.zhcw.com/
http://www.zhcw.com/b2c/qp/
http://www.zhcw.com/xinwen/zhongyaogonggao/
/xinwen/zhongyaogonggao/11280655.shtml
/xinwen/zhongyaogonggao/11048238.shtml
http://www.zhcw.com/xinwen/hangyezixun/11007504.shtml
http://www.zhcw.com/xinwen/zhuanti/2017n/2017nzjssq/
http://www.zhcw.com/ggl/zhuanti/2017zjggl/
http://www.zhcw.com/xinwen/zhuanti/2016n/gdft/dsq54/
http://www.zhcw.com/xinwen/zhuanti/2017n/2017wmzjssq/4y11rwmzst/
/ggl/yingxiaodongtai/scdt/11742628.shtml
http://www.zhcw.com/xinwen/meitishengyin/11716932.shtml
http://www.zhcw.com/xinwen/jigouyaowen/11742541.shtml
http://www.zhcw.com/gongyi/zhuxue/11742547.shtml
http://www.zhcw.com/xinwen/hangyezixun/11719105.shtml
http://www.zhcw.com/3d/caiminzhijia/11719150.shtml
http://www.zhcw.com/ggl/yingxiaodongtai/ssyx/11719077.shtml
http://www.zhcw.com/xinwen/zhongyaogonggao/4447405.shtml
http://www.zhcw.com/ggl/zuixinyouxi/slxm/
http://www.zhcw.com/ggl/zuixinyouxi/bshlp/
http://www.zhcw.com/ggl/zuixinyouxi/dntg/
http://www.zhcw.com/ggl/zuixinyouxi/mtc/
http://www.zhcw.com/3d/caiminzhijia/8870228.shtml
http://www.zhcw.com/3d/caiminzhijia/8807043.shtml
http://www.cmzj.net/member/index.php?do=index&typeid=6&sid=166http://www.cmzj.net/member/index.php?do=search&keywords=专家组
http://www.cmzj.net/member/index.php?do=index&typeid=6&sid=167
#
http://www.zhcw.com/ssq
http://www.zhcw.com/ssq/kjgg/zuixinkaijiang/
http://tb.zhcw.com/ssq/
http://www.zhcw.com/ssq/kaijiangshuju/index.shtml
http://www.zhcw.com/video/kaijiangshipin-ssq/
http://www.zhcw.com/3d/kjgg/zxkj/
http://tb.zhcw.com/3d/
http://www.zhcw.com/3d/kaijiangshuju/?type=1/index.shtml?from=sykjgg&do=kaijiangshuju
http://www.zhcw.com/video/kaijiangshipin-3D/
http://tb.zhcw.com/qlc/556361.shtml
http://www.zhcw.com/qlc/kaijiangshuju/?type=2/index.shtml?from=sykjgg&do=kaijiangshuju
http://www.zhcw.com/kj/hbdg/nmg/k3/index.shtml
http://www.zhcw.com/kj/hddg/js/k3/index.shtml
http://www.zhcw.com/kj/dbdg/jl/k3/index.shtml
http://www.zhcw.com/kj/hbdg/hb/k3/index.shtml
http://www.zhcw.com/kj/hddg/jx/ssc/index.shtml
http://www.zhcw.com/kj/xndg/yn/ssc/index.shtml
http://www.zhcw.com/kj/xbdg/xj/ssc/index.shtml
http://www.zhcw.com/kj/hbdg/nmg/ssc/index.shtml
/xinwen/caizhongxinwen-ssq/11734422.shtml
/ssq/caiminzhijia/11739464.shtml
/3d/caiminzhijia/11739461.shtml
/home/toutiaoxinwen/toutiaoxinwen10/5745934.shtml
http://www.cmzj.net/cms/zx/zjsccj/5022836.shtml
/3d/caiminzhijia/11714843.shtml
/3d/caiminzhijia/11714842.shtml
http://www.zhcw.com/video/caiyouyicai/
http://www.zhcw.com/video/cpjt/
/video/kaijiangshipin-ssq/11732408.shtml
/video/kaijiangshipin-3D/11732409.shtml
/video/kaijiangshipin-qlc/11704799.shtml
/video/caiyouyicai/11693521.shtml
/video/caiyouyicai/11692519.shtml
/video/caiyouyicai/11618785.shtml
/video/caiyouyicai/11618784.shtml
/video/caiyouyicai/11569586.shtml
/video/cpjt/4364661.shtml
/video/cpjt/4357861.shtml
/video/cpjt/4339609.shtml
/video/cpjt/4315109.shtml
/video/cpjt/4315108.shtml
/video/dsjjt/11525488.shtml
/video/dsjjt/11525483.shtml
/video/dsjjt/11399103.shtml
http://tb.zhcw.com/tbfx/
http://www.zhcw.com/ssq/caiminzhijia/
http://www.zhcw.com/3d/caiminzhijia/
http://www.zhcw.com/qlc/caiminzhijia/
http://www.zhcw.com/ssq/szjq/
http://www.cmzj.net/cunzi/article/expert.php
http://www.cmzj.net/cunzi/article/expert.php?action=expert_info&expert_id=639918
http://www.cmzj.net/cunzi/article/index.php?action=lists&expert_id=639918&type=1,2
http://www.cmzj.net/member/index.php?do=detail&sid=101&expertid=639918
http://www.cmzj.net/cunzi/article/expert.php?action=expert_info&expert_id=1166410
http://www.cmzj.net/member/index.php?do=record&expertname=%E9%97%AA%E8%80%80%E6%BA%A2%E5%BD%A9&title=%E9%97%AA%E8%80%80%E6%BA%A2%E5%BD%A9
http://www.cmzj.net/cunzi/article/index.php?action=lists&expert_id=1166410&type=1,2
http://www.cmzj.net/cunzi/article/index.php?action=lists&order=&keyword=%E9%97%AA%E8%80%80%E6%BA%A2%E5%BD%A9
http://tb.zhcw.com/qlc/
http://tb.zhcw.com/ssq/556260.shtml
http://tb.zhcw.com/ssq/556259.shtml
http://tb.zhcw.com/ssq/745661.shtml
http://tb.zhcw.com/ssq/556268.shtml
http://tb.zhcw.com/ssq/556272.shtml
http://tb.zhcw.com/ssq/556255.shtml
http://tb.zhcw.com/3d/556318.shtml
http://tb.zhcw.com/3d/556317.shtml
http://tb.zhcw.com/3d/556334.shtml
http://tb.zhcw.com/3d/556332.shtml
http://tb.zhcw.com/3d/3953203.shtml
http://tb.zhcw.com/qlc/556367.shtml
http://tb.zhcw.com/qlc/556359.shtml
http://tb.zhcw.com/qlc/556360.shtml
http://tb.zhcw.com/qlc/556357.shtml
http://tb.zhcw.com/qlc/556365.shtml
http://www.cmzj.net/cunzi/article/index.php?action=lottery_article&lottery=2
/ssq/caiminzhijia/11742620.shtml
/ssq/caiminzhijia/11742606.shtml
/ssq/caiminzhijia/11742595.shtml
/ssq/caiminzhijia/11742583.shtml
/ssq/caiminzhijia/11742556.shtml
/ssq/caiminzhijia/11742545.shtml
/ssq/caiminzhijia/11742542.shtml
/ssq/caiminzhijia/11741505.shtml
/cmzj/ssqyc/11742605.shtml
/cmzj/ssqyc/11742592.shtml
/cmzj/ssqyc/11740494.shtml
/cmzj/ssqyc/11738458.shtml
/cmzj/ssqyc/11736447.shtml
/cmzj/ssqyc/11734425.shtml
/cmzj/ssqyc/11733421.shtml
/cmzj/ssqyc/11733420.shtml
/cmzj/ssqyc/11733418.shtml
http://data.zhcw.com/3d/?act=tbzs
http://data.zhcw.com/3d/?act=sjtj
http://data.zhcw.com/3d/?act=zbqs
http://data.zhcw.com/3d/?act=zhqs
http://data.zhcw.com/help/?act=syjc
http://www.zhcw.com/ssq/youxiguize/506500.shtml
http://www.zhcw.com/ssq/jisuanqi/
http://www.zhcw.com/ssq/kaijiangshuju/index.shtml?type=3
http://www.zhcw.com/ssq/kaijiangshuju/index.shtml?type=2
http://www.zhcw.com/ssq/kaijiangshuju/
http://www.zhcw.com/3d/youxiguize/506725.shtml
http://www.zhcw.com/3d/jisuanqi/
http://www.zhcw.com/3d/kaijiangshuju/?type=1
http://www.zhcw.com/3d/kaijiangshuju/index.shtml?type=0
http://www.zhcw.com/qlc/youxiguize/456813.shtml
http://www.zhcw.com/qlc/jisuanqi/
http://www.zhcw.com/qlc/kaijiangshuju/gqxlqwm/index.shtml
http://www.zhcw.com/qlc/kaijiangshuju/index.shtml?type=1
http://www.zhcw.com/qlc/kaijiangshuju/index.shtml?type=0
http://www.cmzj.net/cunzi/article/index.php?action=lottery_article&lottery=1
/3d/caiminzhijia/11743720.shtml
/3d/caiminzhijia/11742662.shtml
/3d/caiminzhijia/11742625.shtml
/3d/caiminzhijia/11742608.shtml
/3d/caiminzhijia/11740493.shtml
/3d/caiminzhijia/11740480.shtml
/3d/caiminzhijia/11740479.shtml
/3d/caiminzhijia/11740478.shtml
/3d/caiminzhijia/11740477.shtml
/cmzj/3dyc/11743713.shtml
/cmzj/3dyc/11742611.shtml
/cmzj/3dyc/11736446.shtml
/cmzj/3dyc/11733419.shtml
/cmzj/3dyc/11733416.shtml
/cmzj/3dyc/11733415.shtml
/cmzj/3dyc/11730396.shtml
/cmzj/3dyc/11729395.shtml
/cmzj/3dyc/11729393.shtml
http://www.zhcw.com/xinwen/dishifengcai/
http://www.zhcw.com/xinwen/caizhongxinwen/
http://www.zhcw.com/xinwen/caimingushi/
http://www.zhcw.com/shoucang/
http://www.zhcw.com/xinwen/quanqiucaifeng/
http://www.zhcw.com/xinwen/zhuanti/2016n/ssqyypj/
http://www.zhcw.com/xinwen/caimingushi/ssq/index.shtml
/xinwen/caimingushi/ssq/11742544.shtml
/video/cpwht/11728358.shtml
/caipiao315/dajiaxingdong/11601345.shtml
http://www.zhcw.com/xinwen/caimingushi/qitacaizhong/index.shtml
/xinwen/caimingushi/qitacaizhong/11567345.shtml
/xinwen/zhanzhuzhijia/11719081.shtml
/xinwen/zhanzhuzhijia/11692496.shtml
/xinwen/quanqiucaifeng/11716962.shtml
/video/cpwht/11715874.shtml
/xinwen/caizhongxinwen-ssq/11743752.shtml
/xinwen/caizhongxinwen-ssq/11742616.shtml
/xinwen/caizhongxinwen-ssq/11732406.shtml
/xinwen/caizhongxinwen-ssq/11728330.shtml
/xinwen/caimingushi/ssq/11721184.shtml
/xinwen/caizhongxinwen-qt/11719151.shtml
/xinwen/caimingushi/ssq/11719135.shtml
/xinwen/caizhongxinwen-ssq/11719073.shtml
http://www.zhcw.com/ss/index.shtml
http://www.zhcw.com/home/chengshizhichuang/
javascript:changeCode('1','山东')
http://www.zhcw.com/gongyi/gongyihuodong/11742570.shtml
javascript:changeCode('1','山西')
javascript:changeCode('1','湖南')
http://www.zhcw.com/xinwen/jigouyaowen/11719108.shtml
javascript:changeCode('1','上海')
http://www.zhcw.com/xinwen/caizhongxinwen-ssq/11719073.shtml
http://www.zhcw.com/xinwen/caimingushi/ssq/11715891.shtml
javascript:changeCode('1','湖北')
http://www.zhcw.com/xinwen/dishifengcai/11692442.shtml
javascript:changeCode('1','重庆')
http://www.zhcw.com/xinwen/jigouyaowen/11692415.shtml
http://www.zhcw.com/ggl/zhongjiangsudi/11690303.shtml
javascript:changeCode('1','佛山')
http://www.zhcw.com/xinwen/jigouyaowen/11742557.shtml
javascript:changeCode('1','常州')
http://www.zhcw.com/xinwen/dishifengcai/11719054.shtml
javascript:changeCode('1','葫芦岛')
http://www.zhcw.com/xinwen/caimingushi/ssq/11719135.shtml
javascript:changeCode('1','保定')
http://www.zhcw.com/xinwen/dishifengcai/11719140.shtml
javascript:changeCode('1','深圳')
http://www.zhcw.com/xinwen/caizhongxinwen-ssq/11718015.shtml
javascript:changeCode('1','连云港')
http://www.zhcw.com/gongyi/jikun/11718041.shtml
javascript:changeCode('1','贵阳')
http://www.zhcw.com/gongyi/gongyihuodong/11716942.shtml
http://www.zhcw.com/ggl/yingxiaodongtai/ssyx/11690306.shtml
http://www.zhcw.com/ss/bj1/
http://www.zhcw.com/ss/tianjin/
http://www.zhcw.com/ss/shanghai/
http://www.zhcw.com/ss/shanxi1/
http://www.zhcw.com/ss/henan/
http://www.zhcw.com/ss/hlj/
http://www.zhcw.com/ss/nmg1/
http://www.zhcw.com/ss/shanxi/
http://www.zhcw.com/ss/guangdong/
http://www.zhcw.com/ss/hebei/
http://www.zhcw.com/ss/ningxia/
http://www.zhcw.com/gongyi/fulao/
http://www.zhcw.com/gongyi/zhucan/
http://www.zhcw.com/gongyi/jiugu/
http://www.zhcw.com/gongyi/jikun/
http://www.zhcw.com/gongyi/zhuxue/
http://www.zhcw.com/gongyi/gongyihuodong/
http://www.zhcw.com/gongyi/gyjgq/
http://www.zhcw.com/gongyi/gyjxm/
http://www.zhcw.com/gongyi/gongyirenwu/
http://www.zhcw.com/gongyi/gongyizhuanti/
http://www.zhcw.com/xinwen/zhuanti/2016n/jgzt/
/gongyi/zhucan/8073266.shtml
http://www.zhcw.com/gongyi/gyjgq/index.shtml
/gongyi/gyjgq/11593017.shtml
/zhengce/zhengcefagui/minzhengbuwenjian/11580966.shtml
/gongyi/gongyihuodong/11742570.shtml
/gongyi/zhuxue/11742547.shtml
/gongyi/jikun/11718041.shtml
/gongyi/gongyihuodong/11716942.shtml
/gongyi/gongyihuodong/11692482.shtml
/gongyi/jikun/11691369.shtml
/gongyi/fulao/11630433.shtml
/gongyi/gongyihuodong/11630389.shtml
/gongyi/fulao/11619872.shtml
http://sms.zhcw.com/sms/ssq/index.shtml
http://www.zhcw.com/xinwen/hangyezixun/
http://www.zhcw.com/xinwen/caishiguancha/
http://www.zhcw.com/xinwen/zhuanjiazhuanlan/
http://www.zhcw.com/xinwen/gdft/
http://www.zhcw.com/xinwen/meitishengyin/
http://www.zhcw.com/xinwen/dishifengcai/index.shtml
/xinwen/dishifengcai/11719140.shtml
http://www.zhcw.com/xinwen/jigouyaowen/index.shtml
/xinwen/jigouyaowen/11742557.shtml
http://www.zhcw.com/zhengce/zhengcefagui/
/xinwen/hangyeshuju/10951834.shtml
/xinwen/hangyezixun/11728321.shtml
/xinwen/hangyezixun/11719105.shtml
/xinwen/meitishengyin/11716932.shtml
/xinwen/hangyezixun/11691373.shtml
/xinwen/hangyezixun/11690328.shtml
/xinwen/hangyezixun/11690326.shtml
/xinwen/hangyezixun/11690282.shtml
/xinwen/hangyezixun/11688140.shtml
/xinwen/hangyezixun/11623134.shtml
http://www.zhcw.com/3d/mnyjq/
http://www.zhcw.com/qlc/mnyjq/
http://www.zhcw.com/ggl/zuixinyouxi/zjzr/
/ssq/caiminzhijia/11603481.shtml
/ssq/caiminzhijia/11545982.shtml
http://bbs.zhcw.com
http://www.cmzj.net/member/index.php
http://sms.zhcw.com/sms/3d/index.shtml
http://bbs.zhcw.com/thread-5069984-1-1.html
http://bbs.zhcw.com/thread-5481765-1-1.html
http://bbs.zhcw.com/thread-5497266-1-1.html
http://bbs.zhcw.com/forum-25-1.html
http://bbs.zhcw.com/thread-5497697-1-1.html
http://bbs.zhcw.com/thread-5497278-1-1.html
http://bbs.zhcw.com/thread-5497279-1-1.html
http://bbs.zhcw.com/thread-5497530-1-1.html
http://bbs.zhcw.com/thread-5497529-1-1.html
http://bbs.zhcw.com/thread-5497889-1-1.html
http://bbs.zhcw.com/thread-5497890-1-1.html
http://www.zhcw.com/service/question/web/588264.shtml
http://images.zhcw.com/special/315/index.htm
http://sighttp.qq.com/cgi-bin/check?sigkey=ed453e0a5a9eb9dc51479689e371c57963efb1c8de2345e4b6c33b15e8e616d7
http://fczx.mca.gov.cn/
http://www.mca.gov.cn/
http://www.mof.gov.cn/
http://www.lottost.cn/
http://www.nmlottery.com.cn/
http://www.sxfc.gov.cn/
http://www.hzfucai.net
http://www.tjflcpw.com/main.action
http://www.bwlc.net/
http://www.yzfcw.com/
http://www.sjfc.org.cn/main.action
http://www.lnlotto.com/View/Index.aspx
http://www.jlfc.com.cn
http://www.swlc.gov.cn/
http://www.jslottery.com/
http://fc.zjol.com.cn/
http://www.ahfc.gov.cn/
http://www.fjcp.cn/
http://www.jxfczx.cn/
http://www.sdcp.cn/publicfiles/business/htmlfiles/qlfc/default.htm
http://www.henanfucai.com/
http://www.szlottery.org/
http://www.gdfc.org.cn/
http://www.gxcaipiao.com.cn
http://www.hainancp.com
http://www.cqcp.net/
http://www.scflcp.com/
http://www.ynflcp.cn/
http://www.gsflcp.com/
http://www.qhfc.gov.cn/
http://www.nxflcp.com/main.action
http://www.hbfcw.gov.cn/
http://www.hnflcp.com/
http://www.xjflcp.com/
http://www.gzfucai.cn/
http://www.zhcw.com/fucaiwangmeng/
http://www.zhcw.com/cs/shenzhen/
http://www.zhcw.com/cs/xian/
http://www.gzflcp.org.cn
http://www.njflcp.com/old/
http://www.csfczx.com/
http://www.lzflcp.com/
http://www.jnscp.cn/
http://www.qdcp.cn/
http://www.dllotto.com/
http://www.jsszfc.com/
http://www.czflcp.com/index.html
http://www.ntfcw.org/article/index.html
http://www.jshafc.cn/
http://www.yclottery.com/
http://www.jsyzfc.com/
http://218.3.114.8/jszjfc/
http://www.tzlottery.com/
http://www.jssqfc.com/
http://www.qlfc.com.cn/index.jsp
http://www.fucai.cn/
http://www.wfflcp.com/
http://www.dycp.com.cn/
http://www.bzflcp.com/
http://www.hzflcp.com/
http://www.jlfczx.com/
http://fc.zjol.com.cn/05fc/wzfc/index.shtml
http://zs.luaninfo.com/Default.aspx?ID=49
http://www.masyi.com/fucai
http://yc.hlj.net/sygg/ShowClass.asp?ClassID=27
http://www.gzflcpw.cn/
http://www.jxycfc.com/
http://www.jxfzfc.cn/
http://mzj.shantou.gov.cn/fc/index.asp
http://www.dgflcp.com/
http://www.zqflcp.com/
http://www.gdsdfc.org.cn/
http://www.nmlottery.com.cn/dfzc/cff/index.shtml
http://www.nmlottery.com.cn/dfzc/wlcbf/index.shtml
http://xiangxifc.mca.gov.cn/
http://cangzhoufucai.com/
http://www.wafcw.net/
http://www.hhflcp.com/
http://www.jswxfc.com/main/index.aspx
http://www.gyfucai.cn/
http://www.zhcw.com/
http://www.zhcw.com/cmzj/zm/3d/
http://www.defali.com.cn
http://www.cmzj.net/
http://www.hljold.org.cn/
http://sports.qq.com/lottery/
http://www.iresearch.cn/
http://www.loonging.cn/
http://www.hao123.com
http://lottery.sina.com.cn/
http://www.baidu.com
http://house.focus.cn
http://www.kuwo.cn/
http://www.hljold.cn/teyylmpt/index.shtml
http://www.jyall.com
http://www.zhcw.com/youqinglianjie/
#top
http://www.zhcw.com/aboutus/
http://www.zhcw.com/aboutus/contact/574334.shtml
http://www.zhcw.com/about/adser/
http://www.zhcw.com/aboutus/mianze/574328.shtml
http://www.zhcw.com/kfzx/
http://www.zhcw.com/aboutus/czgj/4092710.shtml
http://www.315online.com.cn/member/315160004.html
http://net.china.cn/chinese/index.htm
http://www.bj.cyberpolice.cn/index.htm
http://www.isc.org.cn/
http://www.itrust.org.cn/yz/pjwx.asp?wm=2771561295
http://union.rising.com.cn/InfoManage/attestation.aspx?p0=n2NcF96gOLCK1NVG3mZ4y0U6z1SVWWuE
http://www.zhcw.com/home/gbdsxkz.html
http://www.zhcw.com/aboutus/honor/592100.shtml
http://www.beian.gov.cn/portal/registerSystemInfo?recordcode=11010802022992
http://www.miibeian.gov.cn
http://data.zhcw.com
/xinwen/zhongyaogonggao/11280655.shtml
/xinwen/zhongyaogonggao/11048238.shtml
/ggl/yingxiaodongtai/scdt/11742628.shtml
/xinwen/caizhongxinwen-ssq/11734422.shtml
/ssq/caiminzhijia/11739464.shtml
/3d/caiminzhijia/11739461.shtml
/home/toutiaoxinwen/toutiaoxinwen10/5745934.shtml
/3d/caiminzhijia/11714843.shtml
/3d/caiminzhijia/11714842.shtml
/video/kaijiangshipin-ssq/11732408.shtml
/video/kaijiangshipin-3D/11732409.shtml
/video/kaijiangshipin-qlc/11704799.shtml
/video/caiyouyicai/11693521.shtml
/video/caiyouyicai/11692519.shtml
/video/caiyouyicai/11618785.shtml
/video/caiyouyicai/11618784.shtml
/video/caiyouyicai/11569586.shtml
/video/cpjt/4364661.shtml
/video/cpjt/4357861.shtml
/video/cpjt/4339609.shtml
/video/cpjt/4315109.shtml
/video/cpjt/4315108.shtml
/video/dsjjt/11525488.shtml
/video/dsjjt/11525483.shtml
/video/dsjjt/11399103.shtml
/ssq/caiminzhijia/11742620.shtml
/ssq/caiminzhijia/11742606.shtml
/ssq/caiminzhijia/11742595.shtml
/ssq/caiminzhijia/11742583.shtml
/ssq/caiminzhijia/11742556.shtml
/ssq/caiminzhijia/11742545.shtml
/ssq/caiminzhijia/11742542.shtml
/ssq/caiminzhijia/11741505.shtml
/cmzj/ssqyc/11742605.shtml
/cmzj/ssqyc/11742592.shtml
/cmzj/ssqyc/11740494.shtml
/cmzj/ssqyc/11738458.shtml
/cmzj/ssqyc/11736447.shtml
/cmzj/ssqyc/11734425.shtml
/cmzj/ssqyc/11733421.shtml
/cmzj/ssqyc/11733420.shtml
/cmzj/ssqyc/11733418.shtml
/3d/caiminzhijia/11743720.shtml
/3d/caiminzhijia/11742662.shtml
/3d/caiminzhijia/11742625.shtml
/3d/caiminzhijia/11742608.shtml
/3d/caiminzhijia/11740493.shtml
/3d/caiminzhijia/11740480.shtml
/3d/caiminzhijia/11740479.shtml
/3d/caiminzhijia/11740478.shtml
/3d/caiminzhijia/11740477.shtml
/cmzj/3dyc/11743713.shtml
/cmzj/3dyc/11742611.shtml
/cmzj/3dyc/11736446.shtml
/cmzj/3dyc/11733419.shtml
/cmzj/3dyc/11733416.shtml
/cmzj/3dyc/11733415.shtml
/cmzj/3dyc/11730396.shtml
/cmzj/3dyc/11729395.shtml
/cmzj/3dyc/11729393.shtml
/xinwen/caimingushi/ssq/11742544.shtml
/video/cpwht/11728358.shtml
/caipiao315/dajiaxingdong/11601345.shtml
/xinwen/caimingushi/qitacaizhong/11567345.shtml
/xinwen/zhanzhuzhijia/11719081.shtml
/xinwen/zhanzhuzhijia/11692496.shtml
/xinwen/quanqiucaifeng/11716962.shtml
/video/cpwht/11715874.shtml
/xinwen/caizhongxinwen-ssq/11744760.shtml
/xinwen/caizhongxinwen-ssq/11743752.shtml
/xinwen/caizhongxinwen-ssq/11742616.shtml
/xinwen/caizhongxinwen-ssq/11732406.shtml
/xinwen/caizhongxinwen-ssq/11728330.shtml
/xinwen/caimingushi/ssq/11721184.shtml
/xinwen/caizhongxinwen-qt/11719151.shtml
/xinwen/caimingushi/ssq/11719135.shtml
/gongyi/zhucan/8073266.shtml
/gongyi/gyjgq/11593017.shtml
/zhengce/zhengcefagui/minzhengbuwenjian/11580966.shtml
/gongyi/gongyihuodong/11742570.shtml
/gongyi/zhuxue/11742547.shtml
/gongyi/jikun/11718041.shtml
/gongyi/gongyihuodong/11716942.shtml
/gongyi/gongyihuodong/11692482.shtml
/gongyi/jikun/11691369.shtml
/gongyi/fulao/11630433.shtml
/gongyi/gongyihuodong/11630389.shtml
/gongyi/fulao/11619872.shtml
/xinwen/jigouyaowen/11742557.shtml
/xinwen/hangyeshuju/10951834.shtml
/xinwen/hangyezixun/11728321.shtml
/xinwen/hangyezixun/11719105.shtml
/xinwen/meitishengyin/11716932.shtml
/xinwen/hangyezixun/11691373.shtml
/xinwen/hangyezixun/11690328.shtml
/xinwen/hangyezixun/11690326.shtml
/xinwen/hangyezixun/11690282.shtml
/xinwen/hangyezixun/11688140.shtml
/xinwen/hangyezixun/11623134.shtml
/ssq/caiminzhijia/11603481.shtml
/ssq/caiminzhijia/11545982.shtml
